  DrawMenu.cpp
D:\ProgramData\ProjectCpp\HookEndscene\HookEndscene\DrawMenu.cpp(15,1): warning C4005: 'GWL_WNDPROC': macro redefinition
C:\Program Files (x86)\Windows Kits\10\Include\10.0.19041.0\um\winuser.h(1904): message : see previous definition of 'GWL_WNDPROC'
D:\ProgramData\ProjectCpp\HookEndscene\HookEndscene\DrawMenu.cpp(69,50): warning C4244: 'argument': conversion from 'double' to 'int', possible loss of data
D:\ProgramData\ProjectCpp\HookEndscene\HookEndscene\DrawMenu.cpp(69,41): warning C4244: 'argument': conversion from 'double' to 'int', possible loss of data
D:\ProgramData\ProjectCpp\HookEndscene\HookEndscene\DrawMenu.cpp(69,32): warning C4244: 'argument': conversion from 'double' to 'int', possible loss of data
D:\ProgramData\ProjectCpp\HookEndscene\HookEndscene\DrawMenu.cpp(69,23): warning C4244: 'argument': conversion from 'double' to 'int', possible loss of data
D:\ProgramData\ProjectCpp\HookEndscene\HookEndscene\DrawMenu.cpp(83,18): warning C4838: conversion from 'int' to 'float' requires a narrowing conversion
D:\ProgramData\ProjectCpp\HookEndscene\HookEndscene\DrawMenu.cpp(83,18): warning C4244: 'initializing': conversion from 'int' to 'float', possible loss of data
D:\ProgramData\ProjectCpp\HookEndscene\HookEndscene\DrawMenu.cpp(83,22): warning C4838: conversion from 'int' to 'float' requires a narrowing conversion
D:\ProgramData\ProjectCpp\HookEndscene\HookEndscene\DrawMenu.cpp(83,22): warning C4244: 'initializing': conversion from 'int' to 'float', possible loss of data
D:\ProgramData\ProjectCpp\HookEndscene\HookEndscene\DrawMenu.cpp(84,18): warning C4838: conversion from 'int' to 'float' requires a narrowing conversion
D:\ProgramData\ProjectCpp\HookEndscene\HookEndscene\DrawMenu.cpp(84,18): warning C4244: 'initializing': conversion from 'int' to 'float', possible loss of data
D:\ProgramData\ProjectCpp\HookEndscene\HookEndscene\DrawMenu.cpp(84,20): warning C4838: conversion from 'int' to 'float' requires a narrowing conversion
D:\ProgramData\ProjectCpp\HookEndscene\HookEndscene\DrawMenu.cpp(84,20): warning C4244: 'initializing': conversion from 'int' to 'float', possible loss of data
D:\ProgramData\ProjectCpp\HookEndscene\HookEndscene\DrawMenu.cpp(85,20): warning C4838: conversion from 'int' to 'float' requires a narrowing conversion
D:\ProgramData\ProjectCpp\HookEndscene\HookEndscene\DrawMenu.cpp(85,20): warning C4244: 'initializing': conversion from 'int' to 'float', possible loss of data
D:\ProgramData\ProjectCpp\HookEndscene\HookEndscene\DrawMenu.cpp(85,26): warning C4838: conversion from 'int' to 'float' requires a narrowing conversion
D:\ProgramData\ProjectCpp\HookEndscene\HookEndscene\DrawMenu.cpp(85,26): warning C4244: 'initializing': conversion from 'int' to 'float', possible loss of data
D:\ProgramData\ProjectCpp\HookEndscene\HookEndscene\DrawMenu.cpp(86,20): warning C4838: conversion from 'int' to 'float' requires a narrowing conversion
D:\ProgramData\ProjectCpp\HookEndscene\HookEndscene\DrawMenu.cpp(86,20): warning C4244: 'initializing': conversion from 'int' to 'float', possible loss of data
D:\ProgramData\ProjectCpp\HookEndscene\HookEndscene\DrawMenu.cpp(86,24): warning C4838: conversion from 'int' to 'float' requires a narrowing conversion
D:\ProgramData\ProjectCpp\HookEndscene\HookEndscene\DrawMenu.cpp(86,24): warning C4244: 'initializing': conversion from 'int' to 'float', possible loss of data
D:\ProgramData\ProjectCpp\HookEndscene\HookEndscene\DrawMenu.cpp(122,13): warning C4566: character represented by universal-character-name '\u1EC6' cannot be represented in the current code page (1252)
D:\ProgramData\ProjectCpp\HookEndscene\HookEndscene\DrawMenu.cpp(122,13): warning C4566: character represented by universal-character-name '\u0110' cannot be represented in the current code page (1252)
D:\ProgramData\ProjectCpp\HookEndscene\HookEndscene\DrawMenu.cpp(122,13): warning C4566: character represented by universal-character-name '\u1EA0' cannot be represented in the current code page (1252)
  kiero.cpp
  buffer.c
  hde32.c
  hde64.c
  hook.c
  trampoline.c
  Generating code
  Previous IPDB not found, fall back to full compilation.
  All 37 functions were compiled because no usable IPDB/IOBJ from previous compilation was found.
  Finished generating code
  HookEndscene.vcxproj -> D:\ProgramData\ProjectCpp\HookEndscene\Release\HookEndscene.dll
